/u/s/i/sinclair/courses/cs552/spring2020/handouts/testprograms/public/complex_demofinal/alignTest.asm SUCCESS CPI:9.4 CYCLES:66 ICOUNT:7 IHITRATE: 0 DHITRATE: 0
/u/s/i/sinclair/courses/cs552/spring2020/handouts/testprograms/public/complex_demofinal/alignTest2.asm FAILED
/u/s/i/sinclair/courses/cs552/spring2020/handouts/testprograms/public/complex_demofinal/alignTest3.asm FAILED
/u/s/i/sinclair/courses/cs552/spring2020/handouts/testprograms/public/complex_demofinal/alignTest4.asm FAILED
/u/s/i/sinclair/courses/cs552/spring2020/handouts/testprograms/public/complex_demofinal/branchTest.asm FAILED
/u/s/i/sinclair/courses/cs552/spring2020/handouts/testprograms/public/complex_demofinal/cacheTest.asm FAILED
/u/s/i/sinclair/courses/cs552/spring2020/handouts/testprograms/public/complex_demofinal/complex_exception_test.asm FAILED
/u/s/i/sinclair/courses/cs552/spring2020/handouts/testprograms/public/complex_demofinal/extraCreditTest.asm FAILED
/u/s/i/sinclair/courses/cs552/spring2020/handouts/testprograms/public/complex_demofinal/finalTest2.asm FAILED
/u/s/i/sinclair/courses/cs552/spring2020/handouts/testprograms/public/complex_demofinal/firstTest.asm SUCCESS CPI:5.0 CYCLES:207 ICOUNT:41 IHITRATE: 0 DHITRATE: 0
/u/s/i/sinclair/courses/cs552/spring2020/handouts/testprograms/public/complex_demofinal/ldld.asm FAILED
/u/s/i/sinclair/courses/cs552/spring2020/handouts/testprograms/public/complex_demofinal/ldst.asm FAILED
/u/s/i/sinclair/courses/cs552/spring2020/handouts/testprograms/public/complex_demofinal/loadStoreTest.asm FAILED
/u/s/i/sinclair/courses/cs552/spring2020/handouts/testprograms/public/complex_demofinal/pipeTest.asm FAILED
/u/s/i/sinclair/courses/cs552/spring2020/handouts/testprograms/public/complex_demofinal/shiftTest.asm FAILED
/u/s/i/sinclair/courses/cs552/spring2020/handouts/testprograms/public/complex_demofinal/simple-exception-test.asm FAILED
/u/s/i/sinclair/courses/cs552/spring2020/handouts/testprograms/public/complex_demofinal/stallTest.asm FAILED
/u/s/i/sinclair/courses/cs552/spring2020/handouts/testprograms/public/complex_demofinal/ultimateTest.asm FAILED
